This file contains any messages produced by compilers while
running configure, to aid debugging if configure makes a mistake.

It was created by bennu configure 1.0.0, which was
generated by GNU Autoconf 2.68.  Invocation command line was

  $ ./configure --enable-static

## --------- ##
## Platform. ##
## --------- ##

hostname = joseba-AAO
uname -m = i686
uname -r = 3.0.0-17-generic
uname -s = Linux
uname -v = #30-Ubuntu SMP Thu Mar 8 17:34:21 UTC 2012

/usr/bin/uname -p = unknown
/bin/uname -X     = unknown

/bin/arch              = unknown
/usr/bin/arch -k       = unknown
/usr/convex/getsysinfo = unknown
/usr/bin/hostinfo      = unknown
/bin/machine           = unknown
/usr/bin/oslevel       = unknown
/bin/universe          = unknown

PATH: /home/joseba/bin
PATH: /usr/lib/lightdm/lightdm
PATH: /usr/local/sbin
PATH: /usr/local/bin
PATH: /usr/sbin
PATH: /usr/bin
PATH: /sbin
PATH: /bin
PATH: /usr/games
PATH: /home/joseba/bin/
PATH: /opt/android-sdk-linux_x86/tools
PATH: /opt/android-sdk-linux_x86/platform-tools
PATH: /opt/android-ndk-r6b


## ----------- ##
## Core tests. ##
## ----------- ##

configure:2265: checking build system type
configure:2279: result: i686-pc-linux-gnu
configure:2299: checking host system type
configure:2312: result: i686-pc-linux-gnu
configure:2353: checking how to print strings
configure:2380: result: printf
configure:2449: checking for gcc
configure:2465: found /usr/bin/gcc
configure:2476: result: gcc
configure:2705: checking for C compiler version
configure:2714: gcc --version >&5
gcc (Ubuntu/Linaro 4.6.1-9ubuntu3) 4.6.1
Copyright (C) 2011 Free Software Foundation, Inc.
This is free software; see the source for copying conditions.  There is NO
warranty; not even for MERCHANTABILITY or FITNESS FOR A PARTICULAR PURPOSE.

configure:2725: $? = 0
configure:2714: gcc -v >&5
Using built-in specs.
COLLECT_GCC=gcc
COLLECT_LTO_WRAPPER=/usr/lib/gcc/i686-linux-gnu/4.6.1/lto-wrapper
Target: i686-linux-gnu
Configured with: ../src/configure -v --with-pkgversion='Ubuntu/Linaro 4.6.1-9ubuntu3' --with-bugurl=file:///usr/share/doc/gcc-4.6/README.Bugs --enable-languages=c,c++,fortran,objc,obj-c++,go --prefix=/usr --program-suffix=-4.6 --enable-shared --enable-linker-build-id --with-system-zlib --libexecdir=/usr/lib --without-included-gettext --enable-threads=posix --with-gxx-include-dir=/usr/include/c++/4.6 --libdir=/usr/lib --enable-nls --with-sysroot=/ --enable-clocale=gnu --enable-libstdcxx-debug --enable-libstdcxx-time=yes --enable-plugin --enable-objc-gc --enable-targets=all --disable-werror --with-arch-32=i686 --with-tune=generic --enable-checking=release --build=i686-linux-gnu --host=i686-linux-gnu --target=i686-linux-gnu
Thread model: posix
gcc version 4.6.1 (Ubuntu/Linaro 4.6.1-9ubuntu3) 
configure:2725: $? = 0
configure:2714: gcc -V >&5
gcc: error: unrecognized option '-V'
gcc: fatal error: no input files
compilation terminated.
configure:2725: $? = 4
configure:2714: gcc -qversion >&5
gcc: error: unrecognized option '-qversion'
gcc: fatal error: no input files
compilation terminated.
configure:2725: $? = 4
configure:2745: checking whether the C compiler works
configure:2767: gcc    conftest.c  >&5
configure:2771: $? = 0
configure:2819: result: yes
configure:2822: checking for C compiler default output file name
configure:2824: result: a.out
configure:2830: checking for suffix of executables
configure:2837: gcc -o conftest    conftest.c  >&5
configure:2841: $? = 0
configure:2863: result: 
configure:2885: checking whether we are cross compiling
configure:2893: gcc -o conftest    conftest.c  >&5
configure:2897: $? = 0
configure:2904: ./conftest
configure:2908: $? = 0
configure:2923: result: no
configure:2928: checking for suffix of object files
configure:2950: gcc -c   conftest.c >&5
configure:2954: $? = 0
configure:2975: result: o
configure:2979: checking whether we are using the GNU C compiler
configure:2998: gcc -c   conftest.c >&5
configure:2998: $? = 0
configure:3007: result: yes
configure:3016: checking whether gcc accepts -g
configure:3036: gcc -c -g  conftest.c >&5
configure:3036: $? = 0
configure:3077: result: yes
configure:3094: checking for gcc option to accept ISO C89
configure:3158: gcc  -c -g -O2  conftest.c >&5
configure:3158: $? = 0
configure:3171: result: none needed
configure:3191: checking for a sed that does not truncate output
configure:3255: result: /bin/sed
configure:3273: checking for grep that handles long lines and -e
configure:3331: result: /bin/grep
configure:3336: checking for egrep
configure:3398: result: /bin/grep -E
configure:3403: checking for fgrep
configure:3465: result: /bin/grep -F
configure:3500: checking for ld used by gcc
configure:3567: result: /usr/bin/ld
configure:3574: checking if the linker (/usr/bin/ld) is GNU ld
configure:3589: result: yes
configure:3601: checking for BSD- or MS-compatible name lister (nm)
configure:3650: result: /usr/bin/nm -B
configure:3780: checking the name lister (/usr/bin/nm -B) interface
configure:3787: gcc -c -g -O2  conftest.c >&5
configure:3790: /usr/bin/nm -B "conftest.o"
configure:3793: output
00000000 B some_variable
configure:3800: result: BSD nm
configure:3803: checking whether ln -s works
configure:3807: result: yes
configure:3815: checking the maximum length of command line arguments
configure:3940: result: 1572864
configure:3957: checking whether the shell understands some XSI constructs
configure:3967: result: yes
configure:3971: checking whether the shell understands "+="
configure:3977: result: yes
configure:4012: checking how to convert i686-pc-linux-gnu file names to i686-pc-linux-gnu format
configure:4052: result: func_convert_file_noop
configure:4059: checking how to convert i686-pc-linux-gnu file names to toolchain format
configure:4079: result: func_convert_file_noop
configure:4086: checking for /usr/bin/ld option to reload object files
configure:4093: result: -r
configure:4167: checking for objdump
configure:4183: found /usr/bin/objdump
configure:4194: result: objdump
configure:4226: checking how to recognize dependent libraries
configure:4428: result: pass_all
configure:4513: checking for dlltool
configure:4543: result: no
configure:4573: checking how to associate runtime and link libraries
configure:4600: result: printf %s\n
configure:4661: checking for ar
configure:4677: found /usr/bin/ar
configure:4688: result: ar
configure:4725: checking for archiver @FILE support
configure:4742: gcc -c -g -O2  conftest.c >&5
configure:4742: $? = 0
configure:4745: ar cru libconftest.a @conftest.lst >&5
configure:4748: $? = 0
configure:4753: ar cru libconftest.a @conftest.lst >&5
ar: conftest.o: No such file or directory
configure:4756: $? = 1
configure:4768: result: @
configure:4826: checking for strip
configure:4842: found /usr/bin/strip
configure:4853: result: strip
configure:4925: checking for ranlib
configure:4941: found /usr/bin/ranlib
configure:4952: result: ranlib
configure:5029: checking for gawk
configure:5059: result: no
configure:5029: checking for mawk
configure:5045: found /usr/bin/mawk
configure:5056: result: mawk
configure:5096: checking command to parse /usr/bin/nm -B output from gcc object
configure:5215: gcc -c -g -O2  conftest.c >&5
configure:5218: $? = 0
configure:5222: /usr/bin/nm -B conftest.o \| sed -n -e 's/^.*[ ]\([ABCDGIRSTW][ABCDGIRSTW]*\)[ ][ ]*\([_A-Za-z][_A-Za-z0-9]*\)$/\1 \2 \2/p' | sed '/ __gnu_lto/d' \> conftest.nm
configure:5225: $? = 0
configure:5291: gcc -o conftest -g -O2   conftest.c conftstm.o >&5
configure:5294: $? = 0
configure:5332: result: ok
configure:5369: checking for sysroot
configure:5399: result: no
configure:5642: checking for mt
configure:5658: found /bin/mt
configure:5669: result: mt
configure:5692: checking if mt is a manifest tool
configure:5698: mt '-?'
configure:5706: result: no
configure:6338: checking how to run the C preprocessor
configure:6369: gcc -E  conftest.c
configure:6369: $? = 0
configure:6383: gcc -E  conftest.c
conftest.c:9:28: fatal error: ac_nonexistent.h: No such file or directory
compilation terminated.
configure:6383: $? = 1
configure: failed program was:
| /* confdefs.h */
| #define PACKAGE_NAME "bennu"
| #define PACKAGE_TARNAME "bennu"
| #define PACKAGE_VERSION "1.0.0"
| #define PACKAGE_STRING "bennu 1.0.0"
| #define PACKAGE_BUGREPORT ""
| #define PACKAGE_URL ""
| /* end confdefs.h.  */
| #include <ac_nonexistent.h>
configure:6408: result: gcc -E
configure:6428: gcc -E  conftest.c
configure:6428: $? = 0
configure:6442: gcc -E  conftest.c
conftest.c:9:28: fatal error: ac_nonexistent.h: No such file or directory
compilation terminated.
configure:6442: $? = 1
configure: failed program was:
| /* confdefs.h */
| #define PACKAGE_NAME "bennu"
| #define PACKAGE_TARNAME "bennu"
| #define PACKAGE_VERSION "1.0.0"
| #define PACKAGE_STRING "bennu 1.0.0"
| #define PACKAGE_BUGREPORT ""
| #define PACKAGE_URL ""
| /* end confdefs.h.  */
| #include <ac_nonexistent.h>
configure:6471: checking for ANSI C header files
configure:6491: gcc -c -g -O2  conftest.c >&5
configure:6491: $? = 0
configure:6564: gcc -o conftest -g -O2   conftest.c  >&5
configure:6564: $? = 0
configure:6564: ./conftest
configure:6564: $? = 0
configure:6575: result: yes
configure:6588: checking for sys/types.h
configure:6588: gcc -c -g -O2  conftest.c >&5
configure:6588: $? = 0
configure:6588: result: yes
configure:6588: checking for sys/stat.h
configure:6588: gcc -c -g -O2  conftest.c >&5
configure:6588: $? = 0
configure:6588: result: yes
configure:6588: checking for stdlib.h
configure:6588: gcc -c -g -O2  conftest.c >&5
configure:6588: $? = 0
configure:6588: result: yes
configure:6588: checking for string.h
configure:6588: gcc -c -g -O2  conftest.c >&5
configure:6588: $? = 0
configure:6588: result: yes
configure:6588: checking for memory.h
configure:6588: gcc -c -g -O2  conftest.c >&5
configure:6588: $? = 0
configure:6588: result: yes
configure:6588: checking for strings.h
configure:6588: gcc -c -g -O2  conftest.c >&5
configure:6588: $? = 0
configure:6588: result: yes
configure:6588: checking for inttypes.h
configure:6588: gcc -c -g -O2  conftest.c >&5
configure:6588: $? = 0
configure:6588: result: yes
configure:6588: checking for stdint.h
configure:6588: gcc -c -g -O2  conftest.c >&5
configure:6588: $? = 0
configure:6588: result: yes
configure:6588: checking for unistd.h
configure:6588: gcc -c -g -O2  conftest.c >&5
configure:6588: $? = 0
configure:6588: result: yes
configure:6602: checking for dlfcn.h
configure:6602: gcc -c -g -O2  conftest.c >&5
configure:6602: $? = 0
configure:6602: result: yes
configure:6788: checking for objdir
configure:6803: result: .libs
configure:7070: checking if gcc supports -fno-rtti -fno-exceptions
configure:7088: gcc -c -g -O2  -fno-rtti -fno-exceptions conftest.c >&5
cc1: warning: command line option '-fno-rtti' is valid for C++/ObjC++ but not for C [enabled by default]
configure:7092: $? = 0
configure:7105: result: no
configure:7415: checking for gcc option to produce PIC
configure:7422: result: -fPIC -DPIC
configure:7430: checking if gcc PIC flag -fPIC -DPIC works
configure:7448: gcc -c -g -O2  -fPIC -DPIC -DPIC conftest.c >&5
configure:7452: $? = 0
configure:7465: result: yes
configure:7494: checking if gcc static flag -static works
configure:7522: result: yes
configure:7537: checking if gcc supports -c -o file.o
configure:7558: gcc -c -g -O2  -o out/conftest2.o conftest.c >&5
configure:7562: $? = 0
configure:7584: result: yes
configure:7592: checking if gcc supports -c -o file.o
configure:7639: result: yes
configure:7672: checking whether the gcc linker (/usr/bin/ld) supports shared libraries
configure:8830: result: yes
configure:8867: checking whether -lc should be explicitly linked in
configure:8875: gcc -c -g -O2  conftest.c >&5
configure:8878: $? = 0
configure:8893: gcc -shared  -fPIC -DPIC conftest.o  -v -Wl,-soname -Wl,conftest -o conftest 2\>\&1 \| /bin/grep  -lc  \>/dev/null 2\>\&1
configure:8896: $? = 0
configure:8910: result: no
configure:9075: checking dynamic linker characteristics
configure:9589: gcc -o conftest -g -O2   -Wl,-rpath -Wl,/foo conftest.c  >&5
configure:9589: $? = 0
configure:9811: result: GNU/Linux ld.so
configure:9918: checking how to hardcode library paths into programs
configure:9943: result: immediate
configure:10483: checking whether stripping libraries is possible
configure:10488: result: yes
configure:10523: checking if libtool supports shared libraries
configure:10525: result: yes
configure:10528: checking whether to build shared libraries
configure:10549: result: yes
configure:10552: checking whether to build static libraries
configure:10556: result: yes
configure:10645: checking for pkg-config
configure:10663: found /usr/bin/pkg-config
configure:10675: result: /usr/bin/pkg-config
configure:10700: checking pkg-config is at least version 0.9.0
configure:10703: result: yes
configure:10714: checking target system type
configure:10727: result: i686-pc-linux-gnu
configure:11068: checking whether to enable maintainer-specific portions of Makefiles
configure:11077: result: no
configure:11144: checking for windres
configure:11174: result: no
configure:11292: checking for a BSD-compatible install
configure:11360: result: /usr/bin/install -c
configure:11371: checking whether build environment is sane
configure:11421: result: yes
configure:11552: checking for a thread-safe mkdir -p
configure:11591: result: /bin/mkdir -p
configure:11600: checking whether make sets $(MAKE)
configure:11622: result: yes
configure:11652: checking for style of include used by make
configure:11680: result: GNU
configure:11765: checking dependency style of gcc
configure:11875: result: gcc3
configure:11940: checking for gcc
configure:11967: result: gcc
configure:12196: checking for C compiler version
configure:12205: gcc --version >&5
gcc (Ubuntu/Linaro 4.6.1-9ubuntu3) 4.6.1
Copyright (C) 2011 Free Software Foundation, Inc.
This is free software; see the source for copying conditions.  There is NO
warranty; not even for MERCHANTABILITY or FITNESS FOR A PARTICULAR PURPOSE.

configure:12216: $? = 0
configure:12205: gcc -v >&5
Using built-in specs.
COLLECT_GCC=gcc
COLLECT_LTO_WRAPPER=/usr/lib/gcc/i686-linux-gnu/4.6.1/lto-wrapper
Target: i686-linux-gnu
Configured with: ../src/configure -v --with-pkgversion='Ubuntu/Linaro 4.6.1-9ubuntu3' --with-bugurl=file:///usr/share/doc/gcc-4.6/README.Bugs --enable-languages=c,c++,fortran,objc,obj-c++,go --prefix=/usr --program-suffix=-4.6 --enable-shared --enable-linker-build-id --with-system-zlib --libexecdir=/usr/lib --without-included-gettext --enable-threads=posix --with-gxx-include-dir=/usr/include/c++/4.6 --libdir=/usr/lib --enable-nls --with-sysroot=/ --enable-clocale=gnu --enable-libstdcxx-debug --enable-libstdcxx-time=yes --enable-plugin --enable-objc-gc --enable-targets=all --disable-werror --with-arch-32=i686 --with-tune=generic --enable-checking=release --build=i686-linux-gnu --host=i686-linux-gnu --target=i686-linux-gnu
Thread model: posix
gcc version 4.6.1 (Ubuntu/Linaro 4.6.1-9ubuntu3) 
configure:12216: $? = 0
configure:12205: gcc -V >&5
gcc: error: unrecognized option '-V'
gcc: fatal error: no input files
compilation terminated.
configure:12216: $? = 4
configure:12205: gcc -qversion >&5
gcc: error: unrecognized option '-qversion'
gcc: fatal error: no input files
compilation terminated.
configure:12216: $? = 4
configure:12220: checking whether we are using the GNU C compiler
configure:12248: result: yes
configure:12257: checking whether gcc accepts -g
configure:12318: result: yes
configure:12335: checking for gcc option to accept ISO C89
configure:12412: result: none needed
configure:12447: checking for ZLIB
configure:12454: $PKG_CONFIG --exists --print-errors " zlib "
configure:12457: $? = 0
configure:12470: $PKG_CONFIG --exists --print-errors " zlib "
configure:12473: $? = 0
configure:12530: result: yes
configure:12537: checking for DES_ecb_encrypt in -lcrypto
configure:12562: gcc -o conftest -g -O2 -O2 -finline-functions -fno-strict-aliasing  -D__STATIC__    conftest.c -lcrypto   >&5
configure:12562: $? = 0
configure:12572: result: yes
configure:12575: checking openssl/des.h usability
configure:12575: gcc -c -g -O2 -O2 -finline-functions -fno-strict-aliasing  -D__STATIC__   conftest.c >&5
configure:12575: $? = 0
configure:12575: result: yes
configure:12575: checking openssl/des.h presence
configure:12575: gcc -E  conftest.c
configure:12575: $? = 0
configure:12575: result: yes
configure:12575: checking for openssl/des.h
configure:12575: result: yes
configure:12771: creating ./config.status

## ---------------------- ##
## Running config.status. ##
## ---------------------- ##

This file was extended by bennu config.status 1.0.0, which was
generated by GNU Autoconf 2.68.  Invocation command line was

  CONFIG_FILES    = 
  CONFIG_HEADERS  = 
  CONFIG_LINKS    = 
  CONFIG_COMMANDS = 
  $ ./config.status 

on joseba-AAO

config.status:1035: creating Makefile
config.status:1035: creating bgdrtm/Makefile
config.status:1035: creating bgdrtm/src/Makefile
config.status:1035: creating bgdc/Makefile
config.status:1035: creating bgdc/src/Makefile
config.status:1035: creating bgdi/Makefile
config.status:1035: creating bgdi/src/Makefile
config.status:1207: executing libtool commands
config.status:1207: executing depfiles commands

## ---------------- ##
## Cache variables. ##
## ---------------- ##

ac_cv_build=i686-pc-linux-gnu
ac_cv_c_compiler_gnu=yes
ac_cv_env_CC_set=
ac_cv_env_CC_value=
ac_cv_env_CFLAGS_set=
ac_cv_env_CFLAGS_value=
ac_cv_env_CPPFLAGS_set=
ac_cv_env_CPPFLAGS_value=
ac_cv_env_CPP_set=
ac_cv_env_CPP_value=
ac_cv_env_LDFLAGS_set=
ac_cv_env_LDFLAGS_value=
ac_cv_env_LIBS_set=
ac_cv_env_LIBS_value=
ac_cv_env_PKG_CONFIG_LIBDIR_set=
ac_cv_env_PKG_CONFIG_LIBDIR_value=
ac_cv_env_PKG_CONFIG_PATH_set=
ac_cv_env_PKG_CONFIG_PATH_value=
ac_cv_env_PKG_CONFIG_set=
ac_cv_env_PKG_CONFIG_value=
ac_cv_env_ZLIB_CFLAGS_set=
ac_cv_env_ZLIB_CFLAGS_value=
ac_cv_env_ZLIB_LIBS_set=
ac_cv_env_ZLIB_LIBS_value=
ac_cv_env_build_alias_set=
ac_cv_env_build_alias_value=
ac_cv_env_host_alias_set=
ac_cv_env_host_alias_value=
ac_cv_env_target_alias_set=
ac_cv_env_target_alias_value=
ac_cv_header_dlfcn_h=yes
ac_cv_header_inttypes_h=yes
ac_cv_header_memory_h=yes
ac_cv_header_openssl_des_h=yes
ac_cv_header_stdc=yes
ac_cv_header_stdint_h=yes
ac_cv_header_stdlib_h=yes
ac_cv_header_string_h=yes
ac_cv_header_strings_h=yes
ac_cv_header_sys_stat_h=yes
ac_cv_header_sys_types_h=yes
ac_cv_header_unistd_h=yes
ac_cv_host=i686-pc-linux-gnu
ac_cv_lib_crypto___DES_ecb_encrypt=yes
ac_cv_objext=o
ac_cv_path_EGREP='/bin/grep -E'
ac_cv_path_FGREP='/bin/grep -F'
ac_cv_path_GREP=/bin/grep
ac_cv_path_SED=/bin/sed
ac_cv_path_ac_pt_PKG_CONFIG=/usr/bin/pkg-config
ac_cv_path_install='/usr/bin/install -c'
ac_cv_path_mkdir=/bin/mkdir
ac_cv_prog_AWK=mawk
ac_cv_prog_CPP='gcc -E'
ac_cv_prog_ac_ct_AR=ar
ac_cv_prog_ac_ct_CC=gcc
ac_cv_prog_ac_ct_MANIFEST_TOOL=mt
ac_cv_prog_ac_ct_OBJDUMP=objdump
ac_cv_prog_ac_ct_RANLIB=ranlib
ac_cv_prog_ac_ct_STRIP=strip
ac_cv_prog_cc_c89=
ac_cv_prog_cc_g=yes
ac_cv_prog_make_make_set=yes
ac_cv_target=i686-pc-linux-gnu
am_cv_CC_dependencies_compiler_type=gcc3
lt_cv_ar_at_file=@
lt_cv_archive_cmds_need_lc=no
lt_cv_deplibs_check_method=pass_all
lt_cv_file_magic_cmd='$MAGIC_CMD'
lt_cv_file_magic_test_file=
lt_cv_ld_reload_flag=-r
lt_cv_nm_interface='BSD nm'
lt_cv_objdir=.libs
lt_cv_path_LD=/usr/bin/ld
lt_cv_path_NM='/usr/bin/nm -B'
lt_cv_path_mainfest_tool=no
lt_cv_prog_compiler_c_o=yes
lt_cv_prog_compiler_pic='-fPIC -DPIC'
lt_cv_prog_compiler_pic_works=yes
lt_cv_prog_compiler_rtti_exceptions=no
lt_cv_prog_compiler_static_works=yes
lt_cv_prog_gnu_ld=yes
lt_cv_sharedlib_from_linklib_cmd='printf %s\n'
lt_cv_shlibpath_overrides_runpath=no
lt_cv_sys_global_symbol_pipe='sed -n -e '\''s/^.*[	 ]\([ABCDGIRSTW][ABCDGIRSTW]*\)[	 ][	 ]*\([_A-Za-z][_A-Za-z0-9]*\)$/\1 \2 \2/p'\'' | sed '\''/ __gnu_lto/d'\'''
lt_cv_sys_global_symbol_to_c_name_address='sed -n -e '\''s/^: \([^ ]*\)[ ]*$/  {\"\1\", (void *) 0},/p'\'' -e '\''s/^[ABCDGIRSTW]* \([^ ]*\) \([^ ]*\)$/  {"\2", (void *) \&\2},/p'\'''
lt_cv_sys_global_symbol_to_c_name_address_lib_prefix='sed -n -e '\''s/^: \([^ ]*\)[ ]*$/  {\"\1\", (void *) 0},/p'\'' -e '\''s/^[ABCDGIRSTW]* \([^ ]*\) \(lib[^ ]*\)$/  {"\2", (void *) \&\2},/p'\'' -e '\''s/^[ABCDGIRSTW]* \([^ ]*\) \([^ ]*\)$/  {"lib\2", (void *) \&\2},/p'\'''
lt_cv_sys_global_symbol_to_cdecl='sed -n -e '\''s/^T .* \(.*\)$/extern int \1();/p'\'' -e '\''s/^[ABCDGIRSTW]* .* \(.*\)$/extern char \1;/p'\'''
lt_cv_sys_max_cmd_len=1572864
lt_cv_to_host_file_cmd=func_convert_file_noop
lt_cv_to_tool_file_cmd=func_convert_file_noop
pkg_cv_ZLIB_CFLAGS=' '
pkg_cv_ZLIB_LIBS='-lz  '

## ----------------- ##
## Output variables. ##
## ----------------- ##

ACLOCAL='${SHELL} /home/joseba/cvs/bennugd/base/core/missing --run aclocal-1.11'
AMDEPBACKSLASH='\'
AMDEP_FALSE='#'
AMDEP_TRUE=''
AMTAR='${SHELL} /home/joseba/cvs/bennugd/base/core/missing --run tar'
AR='ar'
AS='as'
AUTOCONF='${SHELL} /home/joseba/cvs/bennugd/base/core/missing --run autoconf'
AUTOHEADER='${SHELL} /home/joseba/cvs/bennugd/base/core/missing --run autoheader'
AUTOMAKE='${SHELL} /home/joseba/cvs/bennugd/base/core/missing --run automake-1.11'
AWK='mawk'
CC='gcc'
CCDEPMODE='depmode=gcc3'
CFLAGS='-g -O2 -O2 -finline-functions -fno-strict-aliasing  -D__STATIC__ '
COMMON_CFLAGS='-g -O2 -O2 -finline-functions -fno-strict-aliasing  -D__STATIC__  -Wall -DTARGET_LINUX -m32 -DUSE_OPENSSL'
COMMON_LDFLAGS='  -lc -ldl -m32 -L/lib32'
CPP='gcc -E'
CPPFLAGS=''
CRYPT_LDFLAGS='-lcrypto'
CYGPATH_W='echo'
DEFS='-DPACKAGE_NAME=\"bennu\" -DPACKAGE_TARNAME=\"bennu\" -DPACKAGE_VERSION=\"1.0.0\" -DPACKAGE_STRING=\"bennu\ 1.0.0\" -DPACKAGE_BUGREPORT=\"\" -DPACKAGE_URL=\"\" -DSTDC_HEADERS=1 -DHAVE_SYS_TYPES_H=1 -DHAVE_SYS_STAT_H=1 -DHAVE_STDLIB_H=1 -DHAVE_STRING_H=1 -DHAVE_MEMORY_H=1 -DHAVE_STRINGS_H=1 -DHAVE_INTTYPES_H=1 -DHAVE_STDINT_H=1 -DHAVE_UNISTD_H=1 -DHAVE_DLFCN_H=1 -DLT_OBJDIR=\".libs/\" -DPACKAGE=\"bennu\" -DVERSION=\"1.0.0\"'
DEPDIR='.deps'
DLLTOOL='false'
DSYMUTIL=''
DUMPBIN=''
ECHO_C=''
ECHO_N='-n'
ECHO_T=''
EGREP='/bin/grep -E'
EXEEXT=''
FGREP='/bin/grep -F'
GREP='/bin/grep'
HAVE_WINDRES_FALSE=''
HAVE_WINDRES_TRUE='#'
INSTALL_DATA='${INSTALL} -m 644'
INSTALL_PROGRAM='${INSTALL}'
INSTALL_SCRIPT='${INSTALL}'
INSTALL_STRIP_PROGRAM='$(install_sh) -c -s'
LD='/usr/bin/ld'
LDFLAGS=''
LIBOBJS=''
LIBS=''
LIBTOOL='$(SHELL) $(top_builddir)/libtool'
LIPO=''
LN_S='ln -s'
LTLIBOBJS=''
MAINT='#'
MAINTAINER_MODE_FALSE=''
MAINTAINER_MODE_TRUE='#'
MAKEINFO='${SHELL} /home/joseba/cvs/bennugd/base/core/missing --run makeinfo'
MANIFEST_TOOL=':'
MKDIR_P='/bin/mkdir -p'
NM='/usr/bin/nm -B'
NMEDIT=''
OBJDUMP='objdump'
OBJEXT='o'
OTOOL64=''
OTOOL=''
PACKAGE='bennu'
PACKAGE_BUGREPORT=''
PACKAGE_NAME='bennu'
PACKAGE_STRING='bennu 1.0.0'
PACKAGE_TARNAME='bennu'
PACKAGE_URL=''
PACKAGE_VERSION='1.0.0'
PATH_SEPARATOR=':'
PKG_CONFIG='/usr/bin/pkg-config'
PKG_CONFIG_LIBDIR=''
PKG_CONFIG_PATH=''
RANLIB='ranlib'
SED='/bin/sed'
SET_MAKE=''
SHELL='/bin/bash'
STRIP='strip'
VERSION='1.0.0'
WINDRES=''
ZLIB_CFLAGS=' '
ZLIB_LIBS='-lz  '
ac_ct_AR='ar'
ac_ct_CC='gcc'
ac_ct_DUMPBIN=''
am__EXEEXT_FALSE=''
am__EXEEXT_TRUE='#'
am__fastdepCC_FALSE='#'
am__fastdepCC_TRUE=''
am__include='include'
am__isrc=''
am__leading_dot='.'
am__quote=''
am__tar='${AMTAR} chof - "$$tardir"'
am__untar='${AMTAR} xf -'
bindir='${exec_prefix}/bin'
build='i686-pc-linux-gnu'
build_alias=''
build_cpu='i686'
build_os='linux-gnu'
build_vendor='pc'
datadir='${datarootdir}'
datarootdir='${prefix}/share'
docdir='${datarootdir}/doc/${PACKAGE_TARNAME}'
dvidir='${docdir}'
exec_prefix='${prefix}'
host='i686-pc-linux-gnu'
host_alias=''
host_cpu='i686'
host_os='linux-gnu'
host_vendor='pc'
htmldir='${docdir}'
includedir='${prefix}/include'
infodir='${datarootdir}/info'
install_sh='${SHELL} /home/joseba/cvs/bennugd/base/core/install-sh'
libdir='${exec_prefix}/lib'
libexecdir='${exec_prefix}/libexec'
localedir='${datarootdir}/locale'
localstatedir='${prefix}/var'
mandir='${datarootdir}/man'
mkdir_p='/bin/mkdir -p'
oldincludedir='/usr/include'
pdfdir='${docdir}'
prefix='/usr/local'
program_transform_name='s,x,x,'
psdir='${docdir}'
sbindir='${exec_prefix}/sbin'
sharedstatedir='${prefix}/com'
sysconfdir='${prefix}/etc'
target='i686-pc-linux-gnu'
target_alias=''
target_cpu='i686'
target_os='linux-gnu'
target_vendor='pc'

## ----------- ##
## confdefs.h. ##
## ----------- ##

/* confdefs.h */
#define PACKAGE_NAME "bennu"
#define PACKAGE_TARNAME "bennu"
#define PACKAGE_VERSION "1.0.0"
#define PACKAGE_STRING "bennu 1.0.0"
#define PACKAGE_BUGREPORT ""
#define PACKAGE_URL ""
#define STDC_HEADERS 1
#define HAVE_SYS_TYPES_H 1
#define HAVE_SYS_STAT_H 1
#define HAVE_STDLIB_H 1
#define HAVE_STRING_H 1
#define HAVE_MEMORY_H 1
#define HAVE_STRINGS_H 1
#define HAVE_INTTYPES_H 1
#define HAVE_STDINT_H 1
#define HAVE_UNISTD_H 1
#define HAVE_DLFCN_H 1
#define LT_OBJDIR ".libs/"
#define PACKAGE "bennu"
#define VERSION "1.0.0"

configure: exit 0
