This file contains any messages produced by compilers while
running configure, to aid debugging if configure makes a mistake.

It was created by bennu configure 1.0.0, which was
generated by GNU Autoconf 2.67.  Invocation command line was

  $ ./configure --prefix=/SDKs/arm-dev-gp2x/arm-linux --target=arm-linux --host=arm-linux --build= --enable-shared

## --------- ##
## Platform. ##
## --------- ##

hostname = raxdeb
uname -m = i686
uname -r = 2.6.32-5-686
uname -s = Linux
uname -v = #1 SMP Thu Nov 25 18:43:34 UTC 2010

/usr/bin/uname -p = unknown
/bin/uname -X     = unknown

/bin/arch              = unknown
/usr/bin/arch -k       = unknown
/usr/convex/getsysinfo = unknown
/usr/bin/hostinfo      = unknown
/bin/machine           = unknown
/usr/bin/oslevel       = unknown
/bin/universe          = unknown

PATH: /SDKs/arm-dev-gp2x/arm-linux/../bin
PATH: /usr/local/bin
PATH: /usr/bin
PATH: /bin
PATH: /usr/games


## ----------- ##
## Core tests. ##
## ----------- ##

configure:2353: checking build system type
configure:2367: result: i686-pc-linux-gnu
configure:2387: checking host system type
configure:2400: result: arm-unknown-linux-gnu
configure:2420: checking target system type
configure:2433: result: arm-unknown-linux-gnu
configure:2811: checking for arm-linux-gcc
configure:2838: result: /SDKs/arm-dev-gp2x/arm-linux/../bin/arm-linux-gcc
configure:3107: checking for C compiler version
configure:3116: /SDKs/arm-dev-gp2x/arm-linux/../bin/arm-linux-gcc --version >&5
2.95.3
configure:3127: $? = 0
configure:3116: /SDKs/arm-dev-gp2x/arm-linux/../bin/arm-linux-gcc -v >&5
Using builtin specs.
gcc version 2.95.3 20010315 (release)
configure:3127: $? = 0
configure:3116: /SDKs/arm-dev-gp2x/arm-linux/../bin/arm-linux-gcc -V >&5
arm-linux-gcc: argument to `-V' is missing
configure:3127: $? = 1
configure:3116: /SDKs/arm-dev-gp2x/arm-linux/../bin/arm-linux-gcc -qversion >&5
arm-linux-gcc: unrecognized option `-qversion'
arm-linux-gcc: No input files
configure:3127: $? = 1
configure:3147: checking whether the C compiler works
configure:3169: /SDKs/arm-dev-gp2x/arm-linux/../bin/arm-linux-gcc -DTARGET_GP2X -O3 -DARM -D_ARM_ASSEM_ -I/SDKs/arm-dev-gp2x/arm-linux/include -I/SDKs/arm-dev-gp2x/include -I/SDKs/arm-dev-gp2x/DGE/include -I/SDKs/arm-dev-gp2x/DGE/include/SDL  -L/SDKs/arm-dev-gp2x/arm-linux/lib -L/SDKs/arm-dev-gp2x/lib/target -L/SDKs/arm-dev-gp2x/DGE/lib/target  conftest.c  >&5
arm-linux-gcc: installation problem, cannot exec `cpp0': No such file or directory
configure:3173: $? = 1
configure:3211: result: no
configure: failed program was:
| /* confdefs.h */
| #define PACKAGE_NAME "bennu"
| #define PACKAGE_TARNAME "bennu"
| #define PACKAGE_VERSION "1.0.0"
| #define PACKAGE_STRING "bennu 1.0.0"
| #define PACKAGE_BUGREPORT ""
| #define PACKAGE_URL ""
| /* end confdefs.h.  */
| 
| int
| main ()
| {
| 
|   ;
|   return 0;
| }
configure:3216: error: in `/home/dcelso/workspace_BGD/bennugd_gp2x/core':
configure:3218: error: C compiler cannot create executables
See `config.log' for more details

## ---------------- ##
## Cache variables. ##
## ---------------- ##

ac_cv_build=i686-pc-linux-gnu
ac_cv_env_CC_set=set
ac_cv_env_CC_value=/SDKs/arm-dev-gp2x/arm-linux/../bin/arm-linux-gcc
ac_cv_env_CFLAGS_set=set
ac_cv_env_CFLAGS_value='-DTARGET_GP2X -O3 -DARM -D_ARM_ASSEM_ -I/SDKs/arm-dev-gp2x/arm-linux/include -I/SDKs/arm-dev-gp2x/include -I/SDKs/arm-dev-gp2x/DGE/include -I/SDKs/arm-dev-gp2x/DGE/include/SDL'
ac_cv_env_CPPFLAGS_set=
ac_cv_env_CPPFLAGS_value=
ac_cv_env_CPP_set=
ac_cv_env_CPP_value=
ac_cv_env_LDFLAGS_set=set
ac_cv_env_LDFLAGS_value='-L/SDKs/arm-dev-gp2x/arm-linux/lib -L/SDKs/arm-dev-gp2x/lib/target -L/SDKs/arm-dev-gp2x/DGE/lib/target '
ac_cv_env_LIBS_set=
ac_cv_env_LIBS_value=
ac_cv_env_build_alias_set=set
ac_cv_env_build_alias_value=
ac_cv_env_host_alias_set=set
ac_cv_env_host_alias_value=arm-linux
ac_cv_env_target_alias_set=set
ac_cv_env_target_alias_value=arm-linux
ac_cv_host=arm-unknown-linux-gnu
ac_cv_prog_CC=/SDKs/arm-dev-gp2x/arm-linux/../bin/arm-linux-gcc
ac_cv_target=arm-unknown-linux-gnu

## ----------------- ##
## Output variables. ##
## ----------------- ##

ACLOCAL=''
AMDEPBACKSLASH=''
AMDEP_FALSE=''
AMDEP_TRUE=''
AMTAR=''
AR='/SDKs/arm-dev-gp2x/arm-linux/../bin/arm-linux-ar'
AS='as'
AUTOCONF=''
AUTOHEADER=''
AUTOMAKE=''
AWK=''
CC='/SDKs/arm-dev-gp2x/arm-linux/../bin/arm-linux-gcc'
CCDEPMODE=''
CFLAGS='-DTARGET_GP2X -O3 -DARM -D_ARM_ASSEM_ -I/SDKs/arm-dev-gp2x/arm-linux/include -I/SDKs/arm-dev-gp2x/include -I/SDKs/arm-dev-gp2x/DGE/include -I/SDKs/arm-dev-gp2x/DGE/include/SDL'
COMMON_CFLAGS=''
COMMON_LDFLAGS=''
CPP=''
CPPFLAGS=''
CRYPT_LDFLAGS=''
CYGPATH_W=''
DEFS=''
DEPDIR=''
DLLTOOL='dlltool'
DSYMUTIL=''
DUMPBIN=''
ECHO_C=''
ECHO_N='-n'
ECHO_T=''
EGREP=''
EXEEXT=''
FGREP=''
GREP=''
HAVE_WINDRES_FALSE=''
HAVE_WINDRES_TRUE=''
INSTALL_DATA=''
INSTALL_PROGRAM=''
INSTALL_SCRIPT=''
INSTALL_STRIP_PROGRAM=''
LD=''
LDFLAGS='-L/SDKs/arm-dev-gp2x/arm-linux/lib -L/SDKs/arm-dev-gp2x/lib/target -L/SDKs/arm-dev-gp2x/DGE/lib/target '
LIBOBJS=''
LIBS=''
LIBTOOL=''
LIPO=''
LN_S=''
LTLIBOBJS=''
MAINT=''
MAINTAINER_MODE_FALSE=''
MAINTAINER_MODE_TRUE=''
MAKEINFO=''
MKDIR_P=''
NM=''
NMEDIT=''
OBJDUMP='objdump'
OBJEXT=''
OTOOL64=''
OTOOL=''
PACKAGE=''
PACKAGE_BUGREPORT=''
PACKAGE_NAME='bennu'
PACKAGE_STRING='bennu 1.0.0'
PACKAGE_TARNAME='bennu'
PACKAGE_URL=''
PACKAGE_VERSION='1.0.0'
PATH_SEPARATOR=':'
RANLIB='/SDKs/arm-dev-gp2x/arm-linux/../bin/arm-linux-ranlib'
SED=''
SET_MAKE=''
SHELL='/bin/bash'
STRIP='/SDKs/arm-dev-gp2x/arm-linux/../bin/arm-linux-strip'
VERSION=''
WINDRES=''
ZLIBS=''
ac_ct_CC=''
ac_ct_DUMPBIN=''
am__EXEEXT_FALSE=''
am__EXEEXT_TRUE=''
am__fastdepCC_FALSE=''
am__fastdepCC_TRUE=''
am__include=''
am__isrc=''
am__leading_dot=''
am__quote=''
am__tar=''
am__untar=''
bindir='${exec_prefix}/bin'
build='i686-pc-linux-gnu'
build_alias=''
build_cpu='i686'
build_os='linux-gnu'
build_vendor='pc'
datadir='${datarootdir}'
datarootdir='${prefix}/share'
docdir='${datarootdir}/doc/${PACKAGE_TARNAME}'
dvidir='${docdir}'
exec_prefix='NONE'
host='arm-unknown-linux-gnu'
host_alias='arm-linux'
host_cpu='arm'
host_os='linux-gnu'
host_vendor='unknown'
htmldir='${docdir}'
includedir='${prefix}/include'
infodir='${datarootdir}/info'
install_sh=''
libdir='${exec_prefix}/lib'
libexecdir='${exec_prefix}/libexec'
localedir='${datarootdir}/locale'
localstatedir='${prefix}/var'
lt_ECHO='echo'
mandir='${datarootdir}/man'
mkdir_p=''
oldincludedir='/usr/include'
pdfdir='${docdir}'
prefix='/SDKs/arm-dev-gp2x/arm-linux'
program_transform_name='s&^&arm-linux-&'
psdir='${docdir}'
sbindir='${exec_prefix}/sbin'
sharedstatedir='${prefix}/com'
sysconfdir='${prefix}/etc'
target='arm-unknown-linux-gnu'
target_alias='arm-linux'
target_cpu='arm'
target_os='linux-gnu'
target_vendor='unknown'

## ----------- ##
## confdefs.h. ##
## ----------- ##

/* confdefs.h */
#define PACKAGE_NAME "bennu"
#define PACKAGE_TARNAME "bennu"
#define PACKAGE_VERSION "1.0.0"
#define PACKAGE_STRING "bennu 1.0.0"
#define PACKAGE_BUGREPORT ""
#define PACKAGE_URL ""

configure: exit 77
