This file contains any messages produced by compilers while
running configure, to aid debugging if configure makes a mistake.

It was created by bennu configure 1.0.0, which was
generated by GNU Autoconf 2.68.  Invocation command line was

  $ ./configure --enable-static

## --------- ##
## Platform. ##
## --------- ##

hostname = joseba-AAO
uname -m = i686
uname -r = 3.0.0-17-generic
uname -s = Linux
uname -v = #30-Ubuntu SMP Thu Mar 8 17:34:21 UTC 2012

/usr/bin/uname -p = unknown
/bin/uname -X     = unknown

/bin/arch              = unknown
/usr/bin/arch -k       = unknown
/usr/convex/getsysinfo = unknown
/usr/bin/hostinfo      = unknown
/bin/machine           = unknown
/usr/bin/oslevel       = unknown
/bin/universe          = unknown

PATH: /home/joseba/bin
PATH: /usr/lib/lightdm/lightdm
PATH: /usr/local/sbin
PATH: /usr/local/bin
PATH: /usr/sbin
PATH: /usr/bin
PATH: /sbin
PATH: /bin
PATH: /usr/games
PATH: /home/joseba/bin/
PATH: /opt/android-sdk-linux_x86/tools
PATH: /opt/android-sdk-linux_x86/platform-tools
PATH: /opt/android-ndk-r6b


## ----------- ##
## Core tests. ##
## ----------- ##

configure:2291: checking build system type
configure:2305: result: i686-pc-linux-gnu
configure:2325: checking host system type
configure:2338: result: i686-pc-linux-gnu
configure:2379: checking how to print strings
configure:2406: result: printf
configure:2475: checking for gcc
configure:2491: found /usr/bin/gcc
configure:2502: result: gcc
configure:2731: checking for C compiler version
configure:2740: gcc --version >&5
gcc (Ubuntu/Linaro 4.6.1-9ubuntu3) 4.6.1
Copyright (C) 2011 Free Software Foundation, Inc.
This is free software; see the source for copying conditions.  There is NO
warranty; not even for MERCHANTABILITY or FITNESS FOR A PARTICULAR PURPOSE.

configure:2751: $? = 0
configure:2740: gcc -v >&5
Using built-in specs.
COLLECT_GCC=gcc
COLLECT_LTO_WRAPPER=/usr/lib/gcc/i686-linux-gnu/4.6.1/lto-wrapper
Target: i686-linux-gnu
Configured with: ../src/configure -v --with-pkgversion='Ubuntu/Linaro 4.6.1-9ubuntu3' --with-bugurl=file:///usr/share/doc/gcc-4.6/README.Bugs --enable-languages=c,c++,fortran,objc,obj-c++,go --prefix=/usr --program-suffix=-4.6 --enable-shared --enable-linker-build-id --with-system-zlib --libexecdir=/usr/lib --without-included-gettext --enable-threads=posix --with-gxx-include-dir=/usr/include/c++/4.6 --libdir=/usr/lib --enable-nls --with-sysroot=/ --enable-clocale=gnu --enable-libstdcxx-debug --enable-libstdcxx-time=yes --enable-plugin --enable-objc-gc --enable-targets=all --disable-werror --with-arch-32=i686 --with-tune=generic --enable-checking=release --build=i686-linux-gnu --host=i686-linux-gnu --target=i686-linux-gnu
Thread model: posix
gcc version 4.6.1 (Ubuntu/Linaro 4.6.1-9ubuntu3) 
configure:2751: $? = 0
configure:2740: gcc -V >&5
gcc: error: unrecognized option '-V'
gcc: fatal error: no input files
compilation terminated.
configure:2751: $? = 4
configure:2740: gcc -qversion >&5
gcc: error: unrecognized option '-qversion'
gcc: fatal error: no input files
compilation terminated.
configure:2751: $? = 4
configure:2771: checking whether the C compiler works
configure:2793: gcc    conftest.c  >&5
configure:2797: $? = 0
configure:2845: result: yes
configure:2848: checking for C compiler default output file name
configure:2850: result: a.out
configure:2856: checking for suffix of executables
configure:2863: gcc -o conftest    conftest.c  >&5
configure:2867: $? = 0
configure:2889: result: 
configure:2911: checking whether we are cross compiling
configure:2919: gcc -o conftest    conftest.c  >&5
configure:2923: $? = 0
configure:2930: ./conftest
configure:2934: $? = 0
configure:2949: result: no
configure:2954: checking for suffix of object files
configure:2976: gcc -c   conftest.c >&5
configure:2980: $? = 0
configure:3001: result: o
configure:3005: checking whether we are using the GNU C compiler
configure:3024: gcc -c   conftest.c >&5
configure:3024: $? = 0
configure:3033: result: yes
configure:3042: checking whether gcc accepts -g
configure:3062: gcc -c -g  conftest.c >&5
configure:3062: $? = 0
configure:3103: result: yes
configure:3120: checking for gcc option to accept ISO C89
configure:3184: gcc  -c -g -O2  conftest.c >&5
configure:3184: $? = 0
configure:3197: result: none needed
configure:3217: checking for a sed that does not truncate output
configure:3281: result: /bin/sed
configure:3299: checking for grep that handles long lines and -e
configure:3357: result: /bin/grep
configure:3362: checking for egrep
configure:3424: result: /bin/grep -E
configure:3429: checking for fgrep
configure:3491: result: /bin/grep -F
configure:3526: checking for ld used by gcc
configure:3593: result: /usr/bin/ld
configure:3600: checking if the linker (/usr/bin/ld) is GNU ld
configure:3615: result: yes
configure:3627: checking for BSD- or MS-compatible name lister (nm)
configure:3676: result: /usr/bin/nm -B
configure:3806: checking the name lister (/usr/bin/nm -B) interface
configure:3813: gcc -c -g -O2  conftest.c >&5
configure:3816: /usr/bin/nm -B "conftest.o"
configure:3819: output
00000000 B some_variable
configure:3826: result: BSD nm
configure:3829: checking whether ln -s works
configure:3833: result: yes
configure:3841: checking the maximum length of command line arguments
configure:3966: result: 1572864
configure:3983: checking whether the shell understands some XSI constructs
configure:3993: result: yes
configure:3997: checking whether the shell understands "+="
configure:4003: result: yes
configure:4038: checking how to convert i686-pc-linux-gnu file names to i686-pc-linux-gnu format
configure:4078: result: func_convert_file_noop
configure:4085: checking how to convert i686-pc-linux-gnu file names to toolchain format
configure:4105: result: func_convert_file_noop
configure:4112: checking for /usr/bin/ld option to reload object files
configure:4119: result: -r
configure:4193: checking for objdump
configure:4209: found /usr/bin/objdump
configure:4220: result: objdump
configure:4252: checking how to recognize dependent libraries
configure:4454: result: pass_all
configure:4539: checking for dlltool
configure:4569: result: no
configure:4599: checking how to associate runtime and link libraries
configure:4626: result: printf %s\n
configure:4687: checking for ar
configure:4703: found /usr/bin/ar
configure:4714: result: ar
configure:4751: checking for archiver @FILE support
configure:4768: gcc -c -g -O2  conftest.c >&5
configure:4768: $? = 0
configure:4771: ar cru libconftest.a @conftest.lst >&5
configure:4774: $? = 0
configure:4779: ar cru libconftest.a @conftest.lst >&5
ar: conftest.o: No such file or directory
configure:4782: $? = 1
configure:4794: result: @
configure:4852: checking for strip
configure:4868: found /usr/bin/strip
configure:4879: result: strip
configure:4951: checking for ranlib
configure:4967: found /usr/bin/ranlib
configure:4978: result: ranlib
configure:5055: checking for gawk
configure:5085: result: no
configure:5055: checking for mawk
configure:5071: found /usr/bin/mawk
configure:5082: result: mawk
configure:5122: checking command to parse /usr/bin/nm -B output from gcc object
configure:5241: gcc -c -g -O2  conftest.c >&5
configure:5244: $? = 0
configure:5248: /usr/bin/nm -B conftest.o \| sed -n -e 's/^.*[ ]\([ABCDGIRSTW][ABCDGIRSTW]*\)[ ][ ]*\([_A-Za-z][_A-Za-z0-9]*\)$/\1 \2 \2/p' | sed '/ __gnu_lto/d' \> conftest.nm
configure:5251: $? = 0
configure:5317: gcc -o conftest -g -O2   conftest.c conftstm.o >&5
configure:5320: $? = 0
configure:5358: result: ok
configure:5395: checking for sysroot
configure:5425: result: no
configure:5668: checking for mt
configure:5684: found /bin/mt
configure:5695: result: mt
configure:5718: checking if mt is a manifest tool
configure:5724: mt '-?'
configure:5732: result: no
configure:6364: checking how to run the C preprocessor
configure:6395: gcc -E  conftest.c
configure:6395: $? = 0
configure:6409: gcc -E  conftest.c
conftest.c:9:28: fatal error: ac_nonexistent.h: No such file or directory
compilation terminated.
configure:6409: $? = 1
configure: failed program was:
| /* confdefs.h */
| #define PACKAGE_NAME "bennu"
| #define PACKAGE_TARNAME "bennu"
| #define PACKAGE_VERSION "1.0.0"
| #define PACKAGE_STRING "bennu 1.0.0"
| #define PACKAGE_BUGREPORT ""
| #define PACKAGE_URL ""
| /* end confdefs.h.  */
| #include <ac_nonexistent.h>
configure:6434: result: gcc -E
configure:6454: gcc -E  conftest.c
configure:6454: $? = 0
configure:6468: gcc -E  conftest.c
conftest.c:9:28: fatal error: ac_nonexistent.h: No such file or directory
compilation terminated.
configure:6468: $? = 1
configure: failed program was:
| /* confdefs.h */
| #define PACKAGE_NAME "bennu"
| #define PACKAGE_TARNAME "bennu"
| #define PACKAGE_VERSION "1.0.0"
| #define PACKAGE_STRING "bennu 1.0.0"
| #define PACKAGE_BUGREPORT ""
| #define PACKAGE_URL ""
| /* end confdefs.h.  */
| #include <ac_nonexistent.h>
configure:6497: checking for ANSI C header files
configure:6517: gcc -c -g -O2  conftest.c >&5
configure:6517: $? = 0
configure:6590: gcc -o conftest -g -O2   conftest.c  >&5
configure:6590: $? = 0
configure:6590: ./conftest
configure:6590: $? = 0
configure:6601: result: yes
configure:6614: checking for sys/types.h
configure:6614: gcc -c -g -O2  conftest.c >&5
configure:6614: $? = 0
configure:6614: result: yes
configure:6614: checking for sys/stat.h
configure:6614: gcc -c -g -O2  conftest.c >&5
configure:6614: $? = 0
configure:6614: result: yes
configure:6614: checking for stdlib.h
configure:6614: gcc -c -g -O2  conftest.c >&5
configure:6614: $? = 0
configure:6614: result: yes
configure:6614: checking for string.h
configure:6614: gcc -c -g -O2  conftest.c >&5
configure:6614: $? = 0
configure:6614: result: yes
configure:6614: checking for memory.h
configure:6614: gcc -c -g -O2  conftest.c >&5
configure:6614: $? = 0
configure:6614: result: yes
configure:6614: checking for strings.h
configure:6614: gcc -c -g -O2  conftest.c >&5
configure:6614: $? = 0
configure:6614: result: yes
configure:6614: checking for inttypes.h
configure:6614: gcc -c -g -O2  conftest.c >&5
configure:6614: $? = 0
configure:6614: result: yes
configure:6614: checking for stdint.h
configure:6614: gcc -c -g -O2  conftest.c >&5
configure:6614: $? = 0
configure:6614: result: yes
configure:6614: checking for unistd.h
configure:6614: gcc -c -g -O2  conftest.c >&5
configure:6614: $? = 0
configure:6614: result: yes
configure:6628: checking for dlfcn.h
configure:6628: gcc -c -g -O2  conftest.c >&5
configure:6628: $? = 0
configure:6628: result: yes
configure:6814: checking for objdir
configure:6829: result: .libs
configure:7100: checking if gcc supports -fno-rtti -fno-exceptions
configure:7118: gcc -c -g -O2  -fno-rtti -fno-exceptions conftest.c >&5
cc1: warning: command line option '-fno-rtti' is valid for C++/ObjC++ but not for C [enabled by default]
configure:7122: $? = 0
configure:7135: result: no
configure:7445: checking for gcc option to produce PIC
configure:7452: result: -fPIC -DPIC
configure:7460: checking if gcc PIC flag -fPIC -DPIC works
configure:7478: gcc -c -g -O2  -fPIC -DPIC -DPIC conftest.c >&5
configure:7482: $? = 0
configure:7495: result: yes
configure:7524: checking if gcc static flag -static works
configure:7552: result: yes
configure:7567: checking if gcc supports -c -o file.o
configure:7588: gcc -c -g -O2  -o out/conftest2.o conftest.c >&5
configure:7592: $? = 0
configure:7614: result: yes
configure:7622: checking if gcc supports -c -o file.o
configure:7669: result: yes
configure:7702: checking whether the gcc linker (/usr/bin/ld) supports shared libraries
configure:8860: result: yes
configure:8897: checking whether -lc should be explicitly linked in
configure:8905: gcc -c -g -O2  conftest.c >&5
configure:8908: $? = 0
configure:8923: gcc -shared  -fPIC -DPIC conftest.o  -v -Wl,-soname -Wl,conftest -o conftest 2\>\&1 \| /bin/grep  -lc  \>/dev/null 2\>\&1
configure:8926: $? = 0
configure:8940: result: no
configure:9105: checking dynamic linker characteristics
configure:9619: gcc -o conftest -g -O2   -Wl,-rpath -Wl,/foo conftest.c  >&5
configure:9619: $? = 0
configure:9841: result: GNU/Linux ld.so
configure:9948: checking how to hardcode library paths into programs
configure:9973: result: immediate
configure:10513: checking whether stripping libraries is possible
configure:10518: result: yes
configure:10553: checking if libtool supports shared libraries
configure:10555: result: yes
configure:10558: checking whether to build shared libraries
configure:10579: result: yes
configure:10582: checking whether to build static libraries
configure:10586: result: yes
configure:10675: checking for pkg-config
configure:10693: found /usr/bin/pkg-config
configure:10705: result: /usr/bin/pkg-config
configure:10730: checking pkg-config is at least version 0.9.0
configure:10733: result: yes
configure:10744: checking target system type
configure:10757: result: i686-pc-linux-gnu
configure:11099: checking whether to enable maintainer-specific portions of Makefiles
configure:11108: result: no
configure:11183: checking for windres
configure:11213: result: no
configure:11340: checking for a BSD-compatible install
configure:11408: result: /usr/bin/install -c
configure:11419: checking whether build environment is sane
configure:11469: result: yes
configure:11600: checking for a thread-safe mkdir -p
configure:11639: result: /bin/mkdir -p
configure:11648: checking whether make sets $(MAKE)
configure:11670: result: yes
configure:11700: checking for style of include used by make
configure:11728: result: GNU
configure:11813: checking dependency style of gcc
configure:11923: result: gcc3
configure:11988: checking for gcc
configure:12015: result: gcc
configure:12244: checking for C compiler version
configure:12253: gcc --version >&5
gcc (Ubuntu/Linaro 4.6.1-9ubuntu3) 4.6.1
Copyright (C) 2011 Free Software Foundation, Inc.
This is free software; see the source for copying conditions.  There is NO
warranty; not even for MERCHANTABILITY or FITNESS FOR A PARTICULAR PURPOSE.

configure:12264: $? = 0
configure:12253: gcc -v >&5
Using built-in specs.
COLLECT_GCC=gcc
COLLECT_LTO_WRAPPER=/usr/lib/gcc/i686-linux-gnu/4.6.1/lto-wrapper
Target: i686-linux-gnu
Configured with: ../src/configure -v --with-pkgversion='Ubuntu/Linaro 4.6.1-9ubuntu3' --with-bugurl=file:///usr/share/doc/gcc-4.6/README.Bugs --enable-languages=c,c++,fortran,objc,obj-c++,go --prefix=/usr --program-suffix=-4.6 --enable-shared --enable-linker-build-id --with-system-zlib --libexecdir=/usr/lib --without-included-gettext --enable-threads=posix --with-gxx-include-dir=/usr/include/c++/4.6 --libdir=/usr/lib --enable-nls --with-sysroot=/ --enable-clocale=gnu --enable-libstdcxx-debug --enable-libstdcxx-time=yes --enable-plugin --enable-objc-gc --enable-targets=all --disable-werror --with-arch-32=i686 --with-tune=generic --enable-checking=release --build=i686-linux-gnu --host=i686-linux-gnu --target=i686-linux-gnu
Thread model: posix
gcc version 4.6.1 (Ubuntu/Linaro 4.6.1-9ubuntu3) 
configure:12264: $? = 0
configure:12253: gcc -V >&5
gcc: error: unrecognized option '-V'
gcc: fatal error: no input files
compilation terminated.
configure:12264: $? = 4
configure:12253: gcc -qversion >&5
gcc: error: unrecognized option '-qversion'
gcc: fatal error: no input files
compilation terminated.
configure:12264: $? = 4
configure:12268: checking whether we are using the GNU C compiler
configure:12296: result: yes
configure:12305: checking whether gcc accepts -g
configure:12366: result: yes
configure:12383: checking for gcc option to accept ISO C89
configure:12460: result: none needed
configure:12481: checking for fabs in -lm
configure:12506: gcc -o conftest -g -O2   conftest.c -lm   >&5
conftest.c:30:6: warning: conflicting types for built-in function 'fabs' [enabled by default]
configure:12506: $? = 0
configure:12515: result: yes
configure:12545: checking for SDL
configure:12552: $PKG_CONFIG --exists --print-errors "sdl >= 1.2"
configure:12555: $? = 0
configure:12568: $PKG_CONFIG --exists --print-errors "sdl >= 1.2"
configure:12571: $? = 0
configure:12628: result: yes
configure:12634: checking for ZLIB
configure:12641: $PKG_CONFIG --exists --print-errors " zlib "
configure:12644: $? = 0
configure:12657: $PKG_CONFIG --exists --print-errors " zlib "
configure:12660: $? = 0
configure:12717: result: yes
configure:12723: checking for PNG
configure:12730: $PKG_CONFIG --exists --print-errors "libpng >= 1.2"
configure:12733: $? = 0
configure:12746: $PKG_CONFIG --exists --print-errors "libpng >= 1.2"
configure:12749: $? = 0
configure:12806: result: yes
configure:12812: checking for SDL_mixer
configure:12895: result: yes
configure:12902: checking for DES_ecb_encrypt in -lcrypto
configure:12927: gcc -o conftest -g -O2 -O2 -finline-functions -fno-strict-aliasing -Wall -DTARGET_LINUX -m32 -D__STATIC__    conftest.c -lcrypto  -lm  >&5
configure:12927: $? = 0
configure:12937: result: yes
configure:12940: checking openssl/des.h usability
configure:12940: gcc -c -g -O2 -O2 -finline-functions -fno-strict-aliasing -Wall -DTARGET_LINUX -m32 -D__STATIC__   conftest.c >&5
configure:12940: $? = 0
configure:12940: result: yes
configure:12940: checking openssl/des.h presence
configure:12940: gcc -E  conftest.c
configure:12940: $? = 0
configure:12940: result: yes
configure:12940: checking for openssl/des.h
configure:12940: result: yes
configure:12956: checking for XQueryTree,XMoveWindow in -lX11
configure:12981: gcc -o conftest -g -O2 -O2 -finline-functions -fno-strict-aliasing -Wall -DTARGET_LINUX -m32 -D__STATIC__    conftest.c -lX11  -lm  >&5
conftest.c: In function 'main':
conftest.c:35:18: warning: left-hand operand of comma expression has no effect [-Wunused-value]
configure:12981: $? = 0
configure:12990: result: yes
configure:13181: creating ./config.status

## ---------------------- ##
## Running config.status. ##
## ---------------------- ##

This file was extended by bennu config.status 1.0.0, which was
generated by GNU Autoconf 2.68.  Invocation command line was

  CONFIG_FILES    = 
  CONFIG_HEADERS  = 
  CONFIG_LINKS    = 
  CONFIG_COMMANDS = 
  $ ./config.status 

on joseba-AAO

config.status:1087: creating Makefile
config.status:1087: creating libgrbase/Makefile
config.status:1087: creating libvideo/Makefile
config.status:1087: creating libblit/Makefile
config.status:1087: creating librender/Makefile
config.status:1087: creating libdraw/Makefile
config.status:1087: creating libfont/Makefile
config.status:1087: creating libtext/Makefile
config.status:1087: creating libsdlhandler/Makefile
config.status:1087: creating libwm/Makefile
config.status:1087: creating libkey/Makefile
config.status:1087: creating libmouse/Makefile
config.status:1087: creating libjoy/Makefile
config.status:1087: creating libscroll/Makefile
config.status:1087: creating libbgload/Makefile
config.status:1087: creating mod_scroll/Makefile
config.status:1087: creating mod_mouse/Makefile
config.status:1087: creating mod_map/Makefile
config.status:1087: creating mod_video/Makefile
config.status:1087: creating mod_screen/Makefile
config.status:1087: creating mod_blendop/Makefile
config.status:1087: creating mod_text/Makefile
config.status:1087: creating mod_draw/Makefile
config.status:1087: creating mod_grproc/Makefile
config.status:1087: creating mod_effects/Makefile
config.status:1087: creating mod_key/Makefile
config.status:1087: creating mod_cd/Makefile
config.status:1087: creating mod_dir/Makefile
config.status:1087: creating mod_file/Makefile
config.status:1087: creating mod_crypt/Makefile
config.status:1087: creating mod_joy/Makefile
config.status:1087: creating mod_math/Makefile
config.status:1087: creating mod_mathi/Makefile
config.status:1087: creating mod_mem/Makefile
config.status:1087: creating mod_proc/Makefile
config.status:1087: creating mod_rand/Makefile
config.status:1087: creating mod_regex/Makefile
config.status:1087: creating mod_say/Makefile
config.status:1087: creating mod_sort/Makefile
config.status:1087: creating mod_sound/Makefile
config.status:1087: creating mod_string/Makefile
config.status:1087: creating mod_sys/Makefile
config.status:1087: creating mod_time/Makefile
config.status:1087: creating mod_timers/Makefile
config.status:1087: creating mod_path/Makefile
config.status:1087: creating mod_wm/Makefile
config.status:1087: creating mod_debug/Makefile
config.status:1087: creating mod_flic/Makefile
config.status:1087: creating mod_m7/Makefile
config.status:1259: executing libtool commands
config.status:1259: executing depfiles commands

## ---------------- ##
## Cache variables. ##
## ---------------- ##

ac_cv_build=i686-pc-linux-gnu
ac_cv_c_compiler_gnu=yes
ac_cv_env_CC_set=
ac_cv_env_CC_value=
ac_cv_env_CFLAGS_set=
ac_cv_env_CFLAGS_value=
ac_cv_env_CPPFLAGS_set=
ac_cv_env_CPPFLAGS_value=
ac_cv_env_CPP_set=
ac_cv_env_CPP_value=
ac_cv_env_LDFLAGS_set=
ac_cv_env_LDFLAGS_value=
ac_cv_env_LIBS_set=
ac_cv_env_LIBS_value=
ac_cv_env_PKG_CONFIG_LIBDIR_set=
ac_cv_env_PKG_CONFIG_LIBDIR_value=
ac_cv_env_PKG_CONFIG_PATH_set=
ac_cv_env_PKG_CONFIG_PATH_value=
ac_cv_env_PKG_CONFIG_set=
ac_cv_env_PKG_CONFIG_value=
ac_cv_env_PNG_CFLAGS_set=
ac_cv_env_PNG_CFLAGS_value=
ac_cv_env_PNG_LIBS_set=
ac_cv_env_PNG_LIBS_value=
ac_cv_env_SDL_CFLAGS_set=
ac_cv_env_SDL_CFLAGS_value=
ac_cv_env_SDL_LIBS_set=
ac_cv_env_SDL_LIBS_value=
ac_cv_env_SDL_mixer_CFLAGS_set=set
ac_cv_env_SDL_mixer_CFLAGS_value='-I/usr/include/SDL -D_GNU_SOURCE=1 -D_REENTRANT'
ac_cv_env_SDL_mixer_LIBS_set=set
ac_cv_env_SDL_mixer_LIBS_value='-L/usr/lib -lSDL -lSDL_mixer'
ac_cv_env_ZLIB_CFLAGS_set=
ac_cv_env_ZLIB_CFLAGS_value=
ac_cv_env_ZLIB_LIBS_set=
ac_cv_env_ZLIB_LIBS_value=
ac_cv_env_build_alias_set=
ac_cv_env_build_alias_value=
ac_cv_env_host_alias_set=
ac_cv_env_host_alias_value=
ac_cv_env_target_alias_set=
ac_cv_env_target_alias_value=
ac_cv_header_dlfcn_h=yes
ac_cv_header_inttypes_h=yes
ac_cv_header_memory_h=yes
ac_cv_header_openssl_des_h=yes
ac_cv_header_stdc=yes
ac_cv_header_stdint_h=yes
ac_cv_header_stdlib_h=yes
ac_cv_header_string_h=yes
ac_cv_header_strings_h=yes
ac_cv_header_sys_stat_h=yes
ac_cv_header_sys_types_h=yes
ac_cv_header_unistd_h=yes
ac_cv_host=i686-pc-linux-gnu
ac_cv_lib_X11_XQueryTree_XMoveWindow=yes
ac_cv_lib_crypto___DES_ecb_encrypt=yes
ac_cv_lib_m_fabs=yes
ac_cv_objext=o
ac_cv_path_EGREP='/bin/grep -E'
ac_cv_path_FGREP='/bin/grep -F'
ac_cv_path_GREP=/bin/grep
ac_cv_path_SED=/bin/sed
ac_cv_path_ac_pt_PKG_CONFIG=/usr/bin/pkg-config
ac_cv_path_install='/usr/bin/install -c'
ac_cv_path_mkdir=/bin/mkdir
ac_cv_prog_AWK=mawk
ac_cv_prog_CPP='gcc -E'
ac_cv_prog_ac_ct_AR=ar
ac_cv_prog_ac_ct_CC=gcc
ac_cv_prog_ac_ct_MANIFEST_TOOL=mt
ac_cv_prog_ac_ct_OBJDUMP=objdump
ac_cv_prog_ac_ct_RANLIB=ranlib
ac_cv_prog_ac_ct_STRIP=strip
ac_cv_prog_cc_c89=
ac_cv_prog_cc_g=yes
ac_cv_prog_make_make_set=yes
ac_cv_target=i686-pc-linux-gnu
am_cv_CC_dependencies_compiler_type=gcc3
lt_cv_ar_at_file=@
lt_cv_archive_cmds_need_lc=no
lt_cv_deplibs_check_method=pass_all
lt_cv_file_magic_cmd='$MAGIC_CMD'
lt_cv_file_magic_test_file=
lt_cv_ld_reload_flag=-r
lt_cv_nm_interface='BSD nm'
lt_cv_objdir=.libs
lt_cv_path_LD=/usr/bin/ld
lt_cv_path_NM='/usr/bin/nm -B'
lt_cv_path_mainfest_tool=no
lt_cv_prog_compiler_c_o=yes
lt_cv_prog_compiler_pic='-fPIC -DPIC'
lt_cv_prog_compiler_pic_works=yes
lt_cv_prog_compiler_rtti_exceptions=no
lt_cv_prog_compiler_static_works=yes
lt_cv_prog_gnu_ld=yes
lt_cv_sharedlib_from_linklib_cmd='printf %s\n'
lt_cv_shlibpath_overrides_runpath=no
lt_cv_sys_global_symbol_pipe='sed -n -e '\''s/^.*[	 ]\([ABCDGIRSTW][ABCDGIRSTW]*\)[	 ][	 ]*\([_A-Za-z][_A-Za-z0-9]*\)$/\1 \2 \2/p'\'' | sed '\''/ __gnu_lto/d'\'''
lt_cv_sys_global_symbol_to_c_name_address='sed -n -e '\''s/^: \([^ ]*\)[ ]*$/  {\"\1\", (void *) 0},/p'\'' -e '\''s/^[ABCDGIRSTW]* \([^ ]*\) \([^ ]*\)$/  {"\2", (void *) \&\2},/p'\'''
lt_cv_sys_global_symbol_to_c_name_address_lib_prefix='sed -n -e '\''s/^: \([^ ]*\)[ ]*$/  {\"\1\", (void *) 0},/p'\'' -e '\''s/^[ABCDGIRSTW]* \([^ ]*\) \(lib[^ ]*\)$/  {"\2", (void *) \&\2},/p'\'' -e '\''s/^[ABCDGIRSTW]* \([^ ]*\) \([^ ]*\)$/  {"lib\2", (void *) \&\2},/p'\'''
lt_cv_sys_global_symbol_to_cdecl='sed -n -e '\''s/^T .* \(.*\)$/extern int \1();/p'\'' -e '\''s/^[ABCDGIRSTW]* .* \(.*\)$/extern char \1;/p'\'''
lt_cv_sys_max_cmd_len=1572864
lt_cv_to_host_file_cmd=func_convert_file_noop
lt_cv_to_tool_file_cmd=func_convert_file_noop
pkg_cv_PNG_CFLAGS='-I/usr/include/libpng12  '
pkg_cv_PNG_LIBS='-lpng12  '
pkg_cv_SDL_CFLAGS='-D_GNU_SOURCE=1 -D_REENTRANT -I/usr/include/SDL  '
pkg_cv_SDL_LIBS='-lSDL  '
pkg_cv_SDL_mixer_CFLAGS='-I/usr/include/SDL -D_GNU_SOURCE=1 -D_REENTRANT'
pkg_cv_SDL_mixer_LIBS='-L/usr/lib -lSDL -lSDL_mixer'
pkg_cv_ZLIB_CFLAGS=' '
pkg_cv_ZLIB_LIBS='-lz  '

## ----------------- ##
## Output variables. ##
## ----------------- ##

ACLOCAL='${SHELL} /home/joseba/cvs/bennugd/base/modules/missing --run aclocal-1.11'
AMDEPBACKSLASH='\'
AMDEP_FALSE='#'
AMDEP_TRUE=''
AMTAR='${SHELL} /home/joseba/cvs/bennugd/base/modules/missing --run tar'
AR='ar'
AS='as'
AUTOCONF='${SHELL} /home/joseba/cvs/bennugd/base/modules/missing --run autoconf'
AUTOHEADER='${SHELL} /home/joseba/cvs/bennugd/base/modules/missing --run autoheader'
AUTOMAKE='${SHELL} /home/joseba/cvs/bennugd/base/modules/missing --run automake-1.11'
AWK='mawk'
BGD_PATH='/home/joseba/cvs/bennugd/base/modules/../core'
CC='gcc'
CCDEPMODE='depmode=gcc3'
CFLAGS='-g -O2 -O2 -finline-functions -fno-strict-aliasing -Wall -DTARGET_LINUX -m32 -D__STATIC__ '
COMMON_CFLAGS='-Wall -DTARGET_LINUX -m32'
COMMON_LDFLAGS=' -lc -ldl -m32 -L/lib32'
CPP='gcc -E'
CPPFLAGS=''
CYGPATH_W='echo'
DEFS='-DPACKAGE_NAME=\"bennu\" -DPACKAGE_TARNAME=\"bennu\" -DPACKAGE_VERSION=\"1.0.0\" -DPACKAGE_STRING=\"bennu\ 1.0.0\" -DPACKAGE_BUGREPORT=\"\" -DPACKAGE_URL=\"\" -DSTDC_HEADERS=1 -DHAVE_SYS_TYPES_H=1 -DHAVE_SYS_STAT_H=1 -DHAVE_STDLIB_H=1 -DHAVE_STRING_H=1 -DHAVE_MEMORY_H=1 -DHAVE_STRINGS_H=1 -DHAVE_INTTYPES_H=1 -DHAVE_STDINT_H=1 -DHAVE_UNISTD_H=1 -DHAVE_DLFCN_H=1 -DLT_OBJDIR=\".libs/\" -DPACKAGE=\"bennu\" -DVERSION=\"1.0.0\" -DHAVE_LIBM=1'
DEPDIR='.deps'
DESLIBS=''
DLLTOOL='false'
DSYMUTIL=''
DUMPBIN=''
ECHO_C=''
ECHO_N='-n'
ECHO_T=''
EGREP='/bin/grep -E'
EXEEXT=''
FGREP='/bin/grep -F'
GREP='/bin/grep'
HAVE_WINDRES_FALSE=''
HAVE_WINDRES_TRUE='#'
INSTALL_DATA='${INSTALL} -m 644'
INSTALL_PROGRAM='${INSTALL}'
INSTALL_SCRIPT='${INSTALL}'
INSTALL_STRIP_PROGRAM='$(install_sh) -c -s'
LD='/usr/bin/ld'
LDFLAGS=''
LIBOBJS=''
LIBS='-lm '
LIBTOOL='$(SHELL) $(top_builddir)/libtool'
LIPO=''
LN_S='ln -s'
LTLIBOBJS=''
MAINT='#'
MAINTAINER_MODE_FALSE=''
MAINTAINER_MODE_TRUE='#'
MAKEINFO='${SHELL} /home/joseba/cvs/bennugd/base/modules/missing --run makeinfo'
MANIFEST_TOOL=':'
MKDIR_P='/bin/mkdir -p'
NM='/usr/bin/nm -B'
NMEDIT=''
OBJDUMP='objdump'
OBJEXT='o'
OTOOL64=''
OTOOL=''
PACKAGE='bennu'
PACKAGE_BUGREPORT=''
PACKAGE_NAME='bennu'
PACKAGE_STRING='bennu 1.0.0'
PACKAGE_TARNAME='bennu'
PACKAGE_URL=''
PACKAGE_VERSION='1.0.0'
PATH_SEPARATOR=':'
PKG_CONFIG='/usr/bin/pkg-config'
PKG_CONFIG_LIBDIR=''
PKG_CONFIG_PATH=''
PNGLIBS=''
PNG_CFLAGS='-I/usr/include/libpng12  '
PNG_LIBS='-lpng12  '
RANLIB='ranlib'
SDL_CFLAGS='-D_GNU_SOURCE=1 -D_REENTRANT -I/usr/include/SDL  '
SDL_LIBS='-lSDL  '
SDL_mixer_CFLAGS='-I/usr/include/SDL -D_GNU_SOURCE=1 -D_REENTRANT'
SDL_mixer_LIBS='-L/usr/lib -lSDL -lSDL_mixer'
SED='/bin/sed'
SET_MAKE=''
SHELL='/bin/bash'
STRIP='strip'
VERSION='1.0.0'
WINDRES=''
X11LIBS='-lX11'
ZLIBS=''
ZLIB_CFLAGS=' '
ZLIB_LIBS='-lz  '
ac_ct_AR='ar'
ac_ct_CC='gcc'
ac_ct_DUMPBIN=''
am__EXEEXT_FALSE=''
am__EXEEXT_TRUE='#'
am__fastdepCC_FALSE='#'
am__fastdepCC_TRUE=''
am__include='include'
am__isrc=''
am__leading_dot='.'
am__quote=''
am__tar='${AMTAR} chof - "$$tardir"'
am__untar='${AMTAR} xf -'
bindir='${exec_prefix}/bin'
build='i686-pc-linux-gnu'
build_alias=''
build_cpu='i686'
build_os='linux-gnu'
build_vendor='pc'
datadir='${datarootdir}'
datarootdir='${prefix}/share'
docdir='${datarootdir}/doc/${PACKAGE_TARNAME}'
dvidir='${docdir}'
exec_prefix='${prefix}'
host='i686-pc-linux-gnu'
host_alias=''
host_cpu='i686'
host_os='linux-gnu'
host_vendor='pc'
htmldir='${docdir}'
includedir='${prefix}/include'
infodir='${datarootdir}/info'
install_sh='${SHELL} /home/joseba/cvs/bennugd/base/modules/install-sh'
libdir='${exec_prefix}/lib'
libexecdir='${exec_prefix}/libexec'
localedir='${datarootdir}/locale'
localstatedir='${prefix}/var'
mandir='${datarootdir}/man'
mkdir_p='/bin/mkdir -p'
oldincludedir='/usr/include'
pdfdir='${docdir}'
prefix='/usr/local'
program_transform_name='s,x,x,'
psdir='${docdir}'
sbindir='${exec_prefix}/sbin'
sharedstatedir='${prefix}/com'
sysconfdir='${prefix}/etc'
target='i686-pc-linux-gnu'
target_alias=''
target_cpu='i686'
target_os='linux-gnu'
target_vendor='pc'

## ----------- ##
## confdefs.h. ##
## ----------- ##

/* confdefs.h */
#define PACKAGE_NAME "bennu"
#define PACKAGE_TARNAME "bennu"
#define PACKAGE_VERSION "1.0.0"
#define PACKAGE_STRING "bennu 1.0.0"
#define PACKAGE_BUGREPORT ""
#define PACKAGE_URL ""
#define STDC_HEADERS 1
#define HAVE_SYS_TYPES_H 1
#define HAVE_SYS_STAT_H 1
#define HAVE_STDLIB_H 1
#define HAVE_STRING_H 1
#define HAVE_MEMORY_H 1
#define HAVE_STRINGS_H 1
#define HAVE_INTTYPES_H 1
#define HAVE_STDINT_H 1
#define HAVE_UNISTD_H 1
#define HAVE_DLFCN_H 1
#define LT_OBJDIR ".libs/"
#define PACKAGE "bennu"
#define VERSION "1.0.0"
#define HAVE_LIBM 1

configure: exit 0
